{"/home/magnolia/Desktop/swpp/project/swpp2020-team5/frontend/src/App.js": {"path":"/home/magnolia/Desktop/swpp/project/swpp2020-team5/frontend/src/App.js","statementMap":{"0":{"start":{"line":9,"column":2},"end":{"line":19,"column":4}},"1":{"start":{"line":14,"column":50},"end":{"line":14,"column":61}},"2":{"start":{"line":15,"column":31},"end":{"line":15,"column":49}}},"fnMap":{"0":{"name":"App","decl":{"start":{"line":8,"column":9},"end":{"line":8,"column":12}},"loc":{"start":{"line":8,"column":15},"end":{"line":20,"column":1}},"line":8},"1":{"name":"(anonymous_1)","decl":{"start":{"line":14,"column":44},"end":{"line":14,"column":45}},"loc":{"start":{"line":14,"column":50},"end":{"line":14,"column":61}},"line":14},"2":{"name":"(anonymous_2)","decl":{"start":{"line":15,"column":25},"end":{"line":15,"column":26}},"loc":{"start":{"line":15,"column":31},"end":{"line":15,"column":49}},"line":15}},"branchMap":{},"s":{"0":0,"1":0,"2":0},"f":{"0":0,"1":0,"2":0},"b":{},"hash":"ff6c2c869f962d634f08470356a1d420b489400c"}
,"/home/magnolia/Desktop/swpp/project/swpp2020-team5/frontend/src/index.js": {"path":"/home/magnolia/Desktop/swpp/project/swpp2020-team5/frontend/src/index.js","statementMap":{"0":{"start":{"line":10,"column":0},"end":{"line":14,"column":37}},"1":{"start":{"line":19,"column":0},"end":{"line":19,"column":27}}},"fnMap":{},"branchMap":{},"s":{"0":0,"1":0},"f":{},"b":{},"hash":"90f71ab277297b362b74997ed2531c3ebad0e897"}
,"/home/magnolia/Desktop/swpp/project/swpp2020-team5/frontend/src/serviceWorker.js": {"path":"/home/magnolia/Desktop/swpp/project/swpp2020-team5/frontend/src/serviceWorker.js","statementMap":{"0":{"start":{"line":13,"column":20},"end":{"line":21,"column":1}},"1":{"start":{"line":24,"column":2},"end":{"line":54,"column":3}},"2":{"start":{"line":26,"column":22},"end":{"line":26,"column":75}},"3":{"start":{"line":27,"column":4},"end":{"line":32,"column":5}},"4":{"start":{"line":31,"column":6},"end":{"line":31,"column":13}},"5":{"start":{"line":34,"column":4},"end":{"line":53,"column":7}},"6":{"start":{"line":35,"column":20},"end":{"line":35,"column":65}},"7":{"start":{"line":37,"column":6},"end":{"line":52,"column":7}},"8":{"start":{"line":39,"column":8},"end":{"line":39,"column":47}},"9":{"start":{"line":43,"column":8},"end":{"line":48,"column":11}},"10":{"start":{"line":44,"column":10},"end":{"line":47,"column":12}},"11":{"start":{"line":51,"column":8},"end":{"line":51,"column":39}},"12":{"start":{"line":58,"column":2},"end":{"line":98,"column":7}},"13":{"start":{"line":61,"column":6},"end":{"line":94,"column":8}},"14":{"start":{"line":62,"column":33},"end":{"line":62,"column":56}},"15":{"start":{"line":63,"column":8},"end":{"line":65,"column":9}},"16":{"start":{"line":64,"column":10},"end":{"line":64,"column":17}},"17":{"start":{"line":66,"column":8},"end":{"line":93,"column":10}},"18":{"start":{"line":67,"column":10},"end":{"line":92,"column":11}},"19":{"start":{"line":68,"column":12},"end":{"line":91,"column":13}},"20":{"start":{"line":72,"column":14},"end":{"line":75,"column":16}},"21":{"start":{"line":78,"column":14},"end":{"line":80,"column":15}},"22":{"start":{"line":79,"column":16},"end":{"line":79,"column":46}},"23":{"start":{"line":85,"column":14},"end":{"line":85,"column":64}},"24":{"start":{"line":88,"column":14},"end":{"line":90,"column":15}},"25":{"start":{"line":89,"column":16},"end":{"line":89,"column":47}},"26":{"start":{"line":97,"column":6},"end":{"line":97,"column":72}},"27":{"start":{"line":103,"column":2},"end":{"line":126,"column":7}},"28":{"start":{"line":106,"column":26},"end":{"line":106,"column":62}},"29":{"start":{"line":107,"column":6},"end":{"line":120,"column":7}},"30":{"start":{"line":112,"column":8},"end":{"line":116,"column":11}},"31":{"start":{"line":113,"column":10},"end":{"line":115,"column":13}},"32":{"start":{"line":114,"column":12},"end":{"line":114,"column":37}},"33":{"start":{"line":119,"column":8},"end":{"line":119,"column":39}},"34":{"start":{"line":123,"column":6},"end":{"line":125,"column":8}},"35":{"start":{"line":130,"column":2},"end":{"line":134,"column":3}},"36":{"start":{"line":131,"column":4},"end":{"line":133,"column":7}},"37":{"start":{"line":132,"column":6},"end":{"line":132,"column":32}}},"fnMap":{"0":{"name":"register","decl":{"start":{"line":23,"column":16},"end":{"line":23,"column":24}},"loc":{"start":{"line":23,"column":33},"end":{"line":55,"column":1}},"line":23},"1":{"name":"(anonymous_1)","decl":{"start":{"line":34,"column":36},"end":{"line":34,"column":37}},"loc":{"start":{"line":34,"column":42},"end":{"line":53,"column":5}},"line":34},"2":{"name":"(anonymous_2)","decl":{"start":{"line":43,"column":43},"end":{"line":43,"column":44}},"loc":{"start":{"line":43,"column":49},"end":{"line":48,"column":9}},"line":43},"3":{"name":"registerValidSW","decl":{"start":{"line":57,"column":9},"end":{"line":57,"column":24}},"loc":{"start":{"line":57,"column":40},"end":{"line":99,"column":1}},"line":57},"4":{"name":"(anonymous_4)","decl":{"start":{"line":60,"column":10},"end":{"line":60,"column":11}},"loc":{"start":{"line":60,"column":26},"end":{"line":95,"column":5}},"line":60},"5":{"name":"(anonymous_5)","decl":{"start":{"line":61,"column":35},"end":{"line":61,"column":36}},"loc":{"start":{"line":61,"column":41},"end":{"line":94,"column":7}},"line":61},"6":{"name":"(anonymous_6)","decl":{"start":{"line":66,"column":41},"end":{"line":66,"column":42}},"loc":{"start":{"line":66,"column":47},"end":{"line":93,"column":9}},"line":66},"7":{"name":"(anonymous_7)","decl":{"start":{"line":96,"column":11},"end":{"line":96,"column":12}},"loc":{"start":{"line":96,"column":20},"end":{"line":98,"column":5}},"line":96},"8":{"name":"checkValidServiceWorker","decl":{"start":{"line":101,"column":9},"end":{"line":101,"column":32}},"loc":{"start":{"line":101,"column":48},"end":{"line":127,"column":1}},"line":101},"9":{"name":"(anonymous_9)","decl":{"start":{"line":104,"column":10},"end":{"line":104,"column":11}},"loc":{"start":{"line":104,"column":22},"end":{"line":121,"column":5}},"line":104},"10":{"name":"(anonymous_10)","decl":{"start":{"line":112,"column":43},"end":{"line":112,"column":44}},"loc":{"start":{"line":112,"column":59},"end":{"line":116,"column":9}},"line":112},"11":{"name":"(anonymous_11)","decl":{"start":{"line":113,"column":41},"end":{"line":113,"column":42}},"loc":{"start":{"line":113,"column":47},"end":{"line":115,"column":11}},"line":113},"12":{"name":"(anonymous_12)","decl":{"start":{"line":122,"column":11},"end":{"line":122,"column":12}},"loc":{"start":{"line":122,"column":17},"end":{"line":126,"column":5}},"line":122},"13":{"name":"unregister","decl":{"start":{"line":129,"column":16},"end":{"line":129,"column":26}},"loc":{"start":{"line":129,"column":29},"end":{"line":135,"column":1}},"line":129},"14":{"name":"(anonymous_14)","decl":{"start":{"line":131,"column":39},"end":{"line":131,"column":40}},"loc":{"start":{"line":131,"column":55},"end":{"line":133,"column":5}},"line":131}},"branchMap":{"0":{"loc":{"start":{"line":14,"column":2},"end":{"line":20,"column":5}},"type":"binary-expr","locations":[{"start":{"line":14,"column":2},"end":{"line":14,"column":42}},{"start":{"line":16,"column":4},"end":{"line":16,"column":40}},{"start":{"line":18,"column":4},"end":{"line":20,"column":5}}],"line":14},"1":{"loc":{"start":{"line":24,"column":2},"end":{"line":54,"column":3}},"type":"if","locations":[{"start":{"line":24,"column":2},"end":{"line":54,"column":3}},{"start":{"line":24,"column":2},"end":{"line":54,"column":3}}],"line":24},"2":{"loc":{"start":{"line":24,"column":6},"end":{"line":24,"column":75}},"type":"binary-expr","locations":[{"start":{"line":24,"column":6},"end":{"line":24,"column":43}},{"start":{"line":24,"column":47},"end":{"line":24,"column":75}}],"line":24},"3":{"loc":{"start":{"line":27,"column":4},"end":{"line":32,"column":5}},"type":"if","locations":[{"start":{"line":27,"column":4},"end":{"line":32,"column":5}},{"start":{"line":27,"column":4},"end":{"line":32,"column":5}}],"line":27},"4":{"loc":{"start":{"line":37,"column":6},"end":{"line":52,"column":7}},"type":"if","locations":[{"start":{"line":37,"column":6},"end":{"line":52,"column":7}},{"start":{"line":37,"column":6},"end":{"line":52,"column":7}}],"line":37},"5":{"loc":{"start":{"line":63,"column":8},"end":{"line":65,"column":9}},"type":"if","locations":[{"start":{"line":63,"column":8},"end":{"line":65,"column":9}},{"start":{"line":63,"column":8},"end":{"line":65,"column":9}}],"line":63},"6":{"loc":{"start":{"line":67,"column":10},"end":{"line":92,"column":11}},"type":"if","locations":[{"start":{"line":67,"column":10},"end":{"line":92,"column":11}},{"start":{"line":67,"column":10},"end":{"line":92,"column":11}}],"line":67},"7":{"loc":{"start":{"line":68,"column":12},"end":{"line":91,"column":13}},"type":"if","locations":[{"start":{"line":68,"column":12},"end":{"line":91,"column":13}},{"start":{"line":68,"column":12},"end":{"line":91,"column":13}}],"line":68},"8":{"loc":{"start":{"line":78,"column":14},"end":{"line":80,"column":15}},"type":"if","locations":[{"start":{"line":78,"column":14},"end":{"line":80,"column":15}},{"start":{"line":78,"column":14},"end":{"line":80,"column":15}}],"line":78},"9":{"loc":{"start":{"line":78,"column":18},"end":{"line":78,"column":43}},"type":"binary-expr","locations":[{"start":{"line":78,"column":18},"end":{"line":78,"column":24}},{"start":{"line":78,"column":28},"end":{"line":78,"column":43}}],"line":78},"10":{"loc":{"start":{"line":88,"column":14},"end":{"line":90,"column":15}},"type":"if","locations":[{"start":{"line":88,"column":14},"end":{"line":90,"column":15}},{"start":{"line":88,"column":14},"end":{"line":90,"column":15}}],"line":88},"11":{"loc":{"start":{"line":88,"column":18},"end":{"line":88,"column":44}},"type":"binary-expr","locations":[{"start":{"line":88,"column":18},"end":{"line":88,"column":24}},{"start":{"line":88,"column":28},"end":{"line":88,"column":44}}],"line":88},"12":{"loc":{"start":{"line":107,"column":6},"end":{"line":120,"column":7}},"type":"if","locations":[{"start":{"line":107,"column":6},"end":{"line":120,"column":7}},{"start":{"line":107,"column":6},"end":{"line":120,"column":7}}],"line":107},"13":{"loc":{"start":{"line":108,"column":8},"end":{"line":109,"column":73}},"type":"binary-expr","locations":[{"start":{"line":108,"column":8},"end":{"line":108,"column":31}},{"start":{"line":109,"column":9},"end":{"line":109,"column":28}},{"start":{"line":109,"column":32},"end":{"line":109,"column":72}}],"line":108},"14":{"loc":{"start":{"line":130,"column":2},"end":{"line":134,"column":3}},"type":"if","locations":[{"start":{"line":130,"column":2},"end":{"line":134,"column":3}},{"start":{"line":130,"column":2},"end":{"line":134,"column":3}}],"line":130}},"s":{"0":0,"1":0,"2":0,"3":0,"4":0,"5":0,"6":0,"7":0,"8":0,"9":0,"10":0,"11":0,"12":0,"13":0,"14":0,"15":0,"16":0,"17":0,"18":0,"19":0,"20":0,"21":0,"22":0,"23":0,"24":0,"25":0,"26":0,"27":0,"28":0,"29":0,"30":0,"31":0,"32":0,"33":0,"34":0,"35":0,"36":0,"37":0},"f":{"0":0,"1":0,"2":0,"3":0,"4":0,"5":0,"6":0,"7":0,"8":0,"9":0,"10":0,"11":0,"12":0,"13":0,"14":0},"b":{"0":[0,0,0],"1":[0,0],"2":[0,0],"3":[0,0],"4":[0,0],"5":[0,0],"6":[0,0],"7":[0,0],"8":[0,0],"9":[0,0],"10":[0,0],"11":[0,0],"12":[0,0],"13":[0,0,0],"14":[0,0]},"hash":"83e54b8938849fb6214ff538c012e4d939902c15"}
,"/home/magnolia/Desktop/swpp/project/swpp2020-team5/frontend/src/components/LoginForm/LoginForm.js": {"path":"/home/magnolia/Desktop/swpp/project/swpp2020-team5/frontend/src/components/LoginForm/LoginForm.js","statementMap":{},"fnMap":{},"branchMap":{},"s":{},"f":{},"b":{},"hash":"236d7f17f7a6e4988dc3b010b47671bbe5a700a0"}
,"/home/magnolia/Desktop/swpp/project/swpp2020-team5/frontend/src/components/RestaurantDetail/RestaurantDetail.js": {"path":"/home/magnolia/Desktop/swpp/project/swpp2020-team5/frontend/src/components/RestaurantDetail/RestaurantDetail.js","statementMap":{},"fnMap":{},"branchMap":{},"s":{},"f":{},"b":{},"hash":"088b2fea35bb69c80b70e84c03864b2b5428895d"}
,"/home/magnolia/Desktop/swpp/project/swpp2020-team5/frontend/src/components/RestaurantDetail/RestaurantReview/RestaurantReview.js": {"path":"/home/magnolia/Desktop/swpp/project/swpp2020-team5/frontend/src/components/RestaurantDetail/RestaurantReview/RestaurantReview.js","statementMap":{},"fnMap":{},"branchMap":{},"s":{},"f":{},"b":{},"hash":"22cac759e642a8435acf4b3307c5b4a10e4b3895"}
,"/home/magnolia/Desktop/swpp/project/swpp2020-team5/frontend/src/components/RestaurantSummary/RestaurantSummary.js": {"path":"/home/magnolia/Desktop/swpp/project/swpp2020-team5/frontend/src/components/RestaurantSummary/RestaurantSummary.js","statementMap":{},"fnMap":{},"branchMap":{},"s":{},"f":{},"b":{},"hash":"ee16f51cd6ae4694447933b5a1841b59452a7e7c"}
,"/home/magnolia/Desktop/swpp/project/swpp2020-team5/frontend/src/containers/DetailPage/DetailPage.js": {"path":"/home/magnolia/Desktop/swpp/project/swpp2020-team5/frontend/src/containers/DetailPage/DetailPage.js","statementMap":{},"fnMap":{},"branchMap":{},"s":{},"f":{},"b":{},"hash":"1d984db8770e1d483f1200b816a75816abb03f71"}
,"/home/magnolia/Desktop/swpp/project/swpp2020-team5/frontend/src/containers/DetailPage/RestaurantKeywords/RestaurantKeywords.js": {"path":"/home/magnolia/Desktop/swpp/project/swpp2020-team5/frontend/src/containers/DetailPage/RestaurantKeywords/RestaurantKeywords.js","statementMap":{},"fnMap":{},"branchMap":{},"s":{},"f":{},"b":{},"hash":"af28cee4ca5d0216da3c8a797834933ea4c18099"}
,"/home/magnolia/Desktop/swpp/project/swpp2020-team5/frontend/src/containers/DetailPage/RestaurantReviewList/RestaurantReviewList.js": {"path":"/home/magnolia/Desktop/swpp/project/swpp2020-team5/frontend/src/containers/DetailPage/RestaurantReviewList/RestaurantReviewList.js","statementMap":{},"fnMap":{},"branchMap":{},"s":{},"f":{},"b":{},"hash":"64c36a995c61c54d8bf50dce1333dc62464b156a"}
,"/home/magnolia/Desktop/swpp/project/swpp2020-team5/frontend/src/containers/Login/Login.js": {"path":"/home/magnolia/Desktop/swpp/project/swpp2020-team5/frontend/src/containers/Login/Login.js","statementMap":{},"fnMap":{},"branchMap":{},"s":{},"f":{},"b":{},"hash":"850d03f0bd6eade840fb86e003e0373b5f1055cf"}
,"/home/magnolia/Desktop/swpp/project/swpp2020-team5/frontend/src/containers/MainPage/Popup/FoodCategoryPopup/FoodCategoryPopup.js": {"path":"/home/magnolia/Desktop/swpp/project/swpp2020-team5/frontend/src/containers/MainPage/Popup/FoodCategoryPopup/FoodCategoryPopup.js","statementMap":{},"fnMap":{},"branchMap":{},"s":{},"f":{},"b":{},"hash":"4523b3a80d5bd2fbcfac81ee4741587b8defcbbd"}
,"/home/magnolia/Desktop/swpp/project/swpp2020-team5/frontend/src/containers/MainPage/Popup/LocationPopup/LocationPopup.js": {"path":"/home/magnolia/Desktop/swpp/project/swpp2020-team5/frontend/src/containers/MainPage/Popup/LocationPopup/LocationPopup.js","statementMap":{"0":{"start":{"line":7,"column":4},"end":{"line":13,"column":5}},"1":{"start":{"line":16,"column":24},"end":{"line":20,"column":1}},"2":{"start":{"line":17,"column":2},"end":{"line":19,"column":3}}},"fnMap":{"0":{"name":"(anonymous_0)","decl":{"start":{"line":6,"column":2},"end":{"line":6,"column":3}},"loc":{"start":{"line":6,"column":10},"end":{"line":14,"column":3}},"line":6},"1":{"name":"(anonymous_1)","decl":{"start":{"line":16,"column":24},"end":{"line":16,"column":25}},"loc":{"start":{"line":16,"column":33},"end":{"line":20,"column":1}},"line":16}},"branchMap":{},"s":{"0":0,"1":0,"2":0},"f":{"0":0,"1":0},"b":{},"hash":"0f9645b22c4b333491328c805b63acc58cd5e5aa"}
,"/home/magnolia/Desktop/swpp/project/swpp2020-team5/frontend/src/containers/MainPage/Popup/PreferenceVectorPopup/PreferenceVectorPopup.js": {"path":"/home/magnolia/Desktop/swpp/project/swpp2020-team5/frontend/src/containers/MainPage/Popup/PreferenceVectorPopup/PreferenceVectorPopup.js","statementMap":{"0":{"start":{"line":9,"column":12},"end":{"line":15,"column":5}},"1":{"start":{"line":18,"column":8},"end":{"line":18,"column":31}},"2":{"start":{"line":21,"column":8},"end":{"line":21,"column":83}},"3":{"start":{"line":24,"column":20},"end":{"line":32,"column":5}},"4":{"start":{"line":25,"column":20},"end":{"line":25,"column":42}},"5":{"start":{"line":26,"column":8},"end":{"line":26,"column":60}},"6":{"start":{"line":27,"column":8},"end":{"line":27,"column":50}},"7":{"start":{"line":35,"column":24},"end":{"line":39,"column":5}},"8":{"start":{"line":36,"column":36},"end":{"line":36,"column":63}},"9":{"start":{"line":37,"column":8},"end":{"line":37,"column":62}},"10":{"start":{"line":38,"column":8},"end":{"line":38,"column":65}},"11":{"start":{"line":40,"column":24},"end":{"line":44,"column":5}},"12":{"start":{"line":41,"column":36},"end":{"line":41,"column":63}},"13":{"start":{"line":42,"column":8},"end":{"line":42,"column":62}},"14":{"start":{"line":43,"column":8},"end":{"line":43,"column":65}},"15":{"start":{"line":45,"column":26},"end":{"line":49,"column":5}},"16":{"start":{"line":46,"column":36},"end":{"line":46,"column":63}},"17":{"start":{"line":47,"column":8},"end":{"line":47,"column":64}},"18":{"start":{"line":48,"column":8},"end":{"line":48,"column":65}},"19":{"start":{"line":53,"column":8},"end":{"line":144,"column":9}},"20":{"start":{"line":140,"column":76},"end":{"line":140,"column":96}},"21":{"start":{"line":148,"column":24},"end":{"line":152,"column":1}},"22":{"start":{"line":149,"column":4},"end":{"line":151,"column":6}},"23":{"start":{"line":154,"column":27},"end":{"line":159,"column":1}},"24":{"start":{"line":155,"column":4},"end":{"line":158,"column":6}},"25":{"start":{"line":156,"column":25},"end":{"line":156,"column":59}},"26":{"start":{"line":157,"column":44},"end":{"line":157,"column":97}}},"fnMap":{"0":{"name":"(anonymous_0)","decl":{"start":{"line":17,"column":4},"end":{"line":17,"column":5}},"loc":{"start":{"line":17,"column":24},"end":{"line":22,"column":5}},"line":17},"1":{"name":"(anonymous_1)","decl":{"start":{"line":24,"column":20},"end":{"line":24,"column":21}},"loc":{"start":{"line":24,"column":26},"end":{"line":32,"column":5}},"line":24},"2":{"name":"(anonymous_2)","decl":{"start":{"line":35,"column":24},"end":{"line":35,"column":25}},"loc":{"start":{"line":35,"column":33},"end":{"line":39,"column":5}},"line":35},"3":{"name":"(anonymous_3)","decl":{"start":{"line":40,"column":24},"end":{"line":40,"column":25}},"loc":{"start":{"line":40,"column":33},"end":{"line":44,"column":5}},"line":40},"4":{"name":"(anonymous_4)","decl":{"start":{"line":45,"column":26},"end":{"line":45,"column":27}},"loc":{"start":{"line":45,"column":35},"end":{"line":49,"column":5}},"line":45},"5":{"name":"(anonymous_5)","decl":{"start":{"line":52,"column":4},"end":{"line":52,"column":5}},"loc":{"start":{"line":52,"column":13},"end":{"line":145,"column":5}},"line":52},"6":{"name":"(anonymous_6)","decl":{"start":{"line":140,"column":71},"end":{"line":140,"column":72}},"loc":{"start":{"line":140,"column":76},"end":{"line":140,"column":96}},"line":140},"7":{"name":"(anonymous_7)","decl":{"start":{"line":148,"column":24},"end":{"line":148,"column":25}},"loc":{"start":{"line":148,"column":33},"end":{"line":152,"column":1}},"line":148},"8":{"name":"(anonymous_8)","decl":{"start":{"line":154,"column":27},"end":{"line":154,"column":28}},"loc":{"start":{"line":154,"column":39},"end":{"line":159,"column":1}},"line":154},"9":{"name":"(anonymous_9)","decl":{"start":{"line":156,"column":19},"end":{"line":156,"column":20}},"loc":{"start":{"line":156,"column":25},"end":{"line":156,"column":59}},"line":156},"10":{"name":"(anonymous_10)","decl":{"start":{"line":157,"column":34},"end":{"line":157,"column":35}},"loc":{"start":{"line":157,"column":44},"end":{"line":157,"column":97}},"line":157}},"branchMap":{},"s":{"0":0,"1":0,"2":0,"3":0,"4":0,"5":0,"6":0,"7":0,"8":0,"9":0,"10":0,"11":0,"12":0,"13":0,"14":0,"15":0,"16":0,"17":0,"18":0,"19":0,"20":0,"21":1,"22":0,"23":1,"24":0,"25":0,"26":0},"f":{"0":0,"1":0,"2":0,"3":0,"4":0,"5":0,"6":0,"7":0,"8":0,"9":0,"10":0},"b":{},"_coverageSchema":"43e27e138ebf9cfc5966b082cf9a028302ed4184","hash":"5222db5ebb2265cf73c86c68c0e60a5b2f7615b5"}
,"/home/magnolia/Desktop/swpp/project/swpp2020-team5/frontend/src/containers/MainPage/RestaurantSummaryList/RestaurantSummaryList.js": {"path":"/home/magnolia/Desktop/swpp/project/swpp2020-team5/frontend/src/containers/MainPage/RestaurantSummaryList/RestaurantSummaryList.js","statementMap":{},"fnMap":{},"branchMap":{},"s":{},"f":{},"b":{},"hash":"6a3657700291f53164ebc5cd2f4bf52d9c966faa"}
,"/home/magnolia/Desktop/swpp/project/swpp2020-team5/frontend/src/store/store.js": {"path":"/home/magnolia/Desktop/swpp/project/swpp2020-team5/frontend/src/store/store.js","statementMap":{"0":{"start":{"line":11,"column":23},"end":{"line":11,"column":45}},"1":{"start":{"line":12,"column":20},"end":{"line":18,"column":2}},"2":{"start":{"line":19,"column":27},"end":{"line":19,"column":61}},"3":{"start":{"line":20,"column":25},"end":{"line":20,"column":79}},"4":{"start":{"line":22,"column":14},"end":{"line":24,"column":39}}},"fnMap":{},"branchMap":{"0":{"loc":{"start":{"line":20,"column":25},"end":{"line":20,"column":79}},"type":"binary-expr","locations":[{"start":{"line":20,"column":25},"end":{"line":20,"column":68}},{"start":{"line":20,"column":72},"end":{"line":20,"column":79}}],"line":20}},"s":{"0":0,"1":0,"2":0,"3":0,"4":0},"f":{},"b":{"0":[0,0]},"hash":"a5fde25fec18a3bc710d2585f6b50aa53394b044"}
,"/home/magnolia/Desktop/swpp/project/swpp2020-team5/frontend/src/store/actions/actionTypes.js": {"path":"/home/magnolia/Desktop/swpp/project/swpp2020-team5/frontend/src/store/actions/actionTypes.js","statementMap":{"0":{"start":{"line":1,"column":40},"end":{"line":1,"column":66}},"1":{"start":{"line":2,"column":24},"end":{"line":2,"column":34}}},"fnMap":{},"branchMap":{},"s":{"0":1,"1":1},"f":{},"b":{},"_coverageSchema":"43e27e138ebf9cfc5966b082cf9a028302ed4184","hash":"f1a01ee6d3c30f7826ac635d26f2db1b00d86a20"}
,"/home/magnolia/Desktop/swpp/project/swpp2020-team5/frontend/src/store/actions/index.js": {"path":"/home/magnolia/Desktop/swpp/project/swpp2020-team5/frontend/src/store/actions/index.js","statementMap":{},"fnMap":{},"branchMap":{},"s":{},"f":{},"b":{},"_coverageSchema":"43e27e138ebf9cfc5966b082cf9a028302ed4184","hash":"caa767dc0943eacff63de791eb16aafdcfb92f5e"}
,"/home/magnolia/Desktop/swpp/project/swpp2020-team5/frontend/src/store/actions/keywordActions/keywordActions.js": {"path":"/home/magnolia/Desktop/swpp/project/swpp2020-team5/frontend/src/store/actions/keywordActions/keywordActions.js","statementMap":{},"fnMap":{},"branchMap":{},"s":{},"f":{},"b":{},"hash":"3e5f1f73c7a74a6fbd7c354c1ad834f16070b2da"}
,"/home/magnolia/Desktop/swpp/project/swpp2020-team5/frontend/src/store/actions/restaurantActions/restauraunActions.js": {"path":"/home/magnolia/Desktop/swpp/project/swpp2020-team5/frontend/src/store/actions/restaurantActions/restauraunActions.js","statementMap":{},"fnMap":{},"branchMap":{},"s":{},"f":{},"b":{},"hash":"35071a126c9348c5299f1fac49a8fa7acf1d76dc"}
,"/home/magnolia/Desktop/swpp/project/swpp2020-team5/frontend/src/store/actions/reviewActions/reviewActions.js": {"path":"/home/magnolia/Desktop/swpp/project/swpp2020-team5/frontend/src/store/actions/reviewActions/reviewActions.js","statementMap":{},"fnMap":{},"branchMap":{},"s":{},"f":{},"b":{},"hash":"f5959c97947e62cdc7c3e3ae15225e4397f5459c"}
,"/home/magnolia/Desktop/swpp/project/swpp2020-team5/frontend/src/store/actions/userActions/userActions.js": {"path":"/home/magnolia/Desktop/swpp/project/swpp2020-team5/frontend/src/store/actions/userActions/userActions.js","statementMap":{"0":{"start":{"line":4,"column":24},"end":{"line":9,"column":1}},"1":{"start":{"line":5,"column":4},"end":{"line":8,"column":5}},"2":{"start":{"line":11,"column":23},"end":{"line":18,"column":1}},"3":{"start":{"line":12,"column":4},"end":{"line":17,"column":5}},"4":{"start":{"line":13,"column":8},"end":{"line":16,"column":14}},"5":{"start":{"line":15,"column":16},"end":{"line":15,"column":45}},"6":{"start":{"line":20,"column":39},"end":{"line":25,"column":1}},"7":{"start":{"line":21,"column":4},"end":{"line":24,"column":5}},"8":{"start":{"line":27,"column":38},"end":{"line":34,"column":1}},"9":{"start":{"line":28,"column":4},"end":{"line":33,"column":5}},"10":{"start":{"line":29,"column":8},"end":{"line":32,"column":14}},"11":{"start":{"line":31,"column":16},"end":{"line":31,"column":56}}},"fnMap":{"0":{"name":"(anonymous_0)","decl":{"start":{"line":4,"column":24},"end":{"line":4,"column":25}},"loc":{"start":{"line":4,"column":34},"end":{"line":9,"column":1}},"line":4},"1":{"name":"(anonymous_1)","decl":{"start":{"line":11,"column":23},"end":{"line":11,"column":24}},"loc":{"start":{"line":11,"column":31},"end":{"line":18,"column":1}},"line":11},"2":{"name":"(anonymous_2)","decl":{"start":{"line":12,"column":11},"end":{"line":12,"column":12}},"loc":{"start":{"line":12,"column":25},"end":{"line":17,"column":5}},"line":12},"3":{"name":"(anonymous_3)","decl":{"start":{"line":14,"column":18},"end":{"line":14,"column":19}},"loc":{"start":{"line":14,"column":25},"end":{"line":16,"column":13}},"line":14},"4":{"name":"(anonymous_4)","decl":{"start":{"line":20,"column":39},"end":{"line":20,"column":40}},"loc":{"start":{"line":20,"column":49},"end":{"line":25,"column":1}},"line":20},"5":{"name":"(anonymous_5)","decl":{"start":{"line":27,"column":38},"end":{"line":27,"column":39}},"loc":{"start":{"line":27,"column":48},"end":{"line":34,"column":1}},"line":27},"6":{"name":"(anonymous_6)","decl":{"start":{"line":28,"column":11},"end":{"line":28,"column":12}},"loc":{"start":{"line":28,"column":25},"end":{"line":33,"column":5}},"line":28},"7":{"name":"(anonymous_7)","decl":{"start":{"line":30,"column":18},"end":{"line":30,"column":19}},"loc":{"start":{"line":30,"column":25},"end":{"line":32,"column":13}},"line":30}},"branchMap":{},"s":{"0":1,"1":0,"2":1,"3":0,"4":0,"5":0,"6":1,"7":0,"8":1,"9":0,"10":0,"11":0},"f":{"0":0,"1":0,"2":0,"3":0,"4":0,"5":0,"6":0,"7":0},"b":{},"_coverageSchema":"43e27e138ebf9cfc5966b082cf9a028302ed4184","hash":"e1765130e3816045f3f128a462a48cb2f762189b"}
,"/home/magnolia/Desktop/swpp/project/swpp2020-team5/frontend/src/store/reducers/keywordReducer/keywordReducer.js": {"path":"/home/magnolia/Desktop/swpp/project/swpp2020-team5/frontend/src/store/reducers/keywordReducer/keywordReducer.js","statementMap":{"0":{"start":{"line":1,"column":21},"end":{"line":2,"column":1}},"1":{"start":{"line":3,"column":16},"end":{"line":5,"column":1}},"2":{"start":{"line":4,"column":2},"end":{"line":4,"column":15}}},"fnMap":{"0":{"name":"(anonymous_0)","decl":{"start":{"line":3,"column":16},"end":{"line":3,"column":17}},"loc":{"start":{"line":3,"column":50},"end":{"line":5,"column":1}},"line":3}},"branchMap":{"0":{"loc":{"start":{"line":3,"column":17},"end":{"line":3,"column":37}},"type":"default-arg","locations":[{"start":{"line":3,"column":25},"end":{"line":3,"column":37}}],"line":3}},"s":{"0":0,"1":0,"2":0},"f":{"0":0},"b":{"0":[0]},"hash":"e60bbb31234ef9716bfef4cbf7a8fb8ba524b44c"}
,"/home/magnolia/Desktop/swpp/project/swpp2020-team5/frontend/src/store/reducers/restaurantReducer/restaurantReducer.js": {"path":"/home/magnolia/Desktop/swpp/project/swpp2020-team5/frontend/src/store/reducers/restaurantReducer/restaurantReducer.js","statementMap":{"0":{"start":{"line":1,"column":21},"end":{"line":2,"column":1}},"1":{"start":{"line":3,"column":16},"end":{"line":5,"column":1}},"2":{"start":{"line":4,"column":2},"end":{"line":4,"column":15}}},"fnMap":{"0":{"name":"(anonymous_0)","decl":{"start":{"line":3,"column":16},"end":{"line":3,"column":17}},"loc":{"start":{"line":3,"column":50},"end":{"line":5,"column":1}},"line":3}},"branchMap":{"0":{"loc":{"start":{"line":3,"column":17},"end":{"line":3,"column":37}},"type":"default-arg","locations":[{"start":{"line":3,"column":25},"end":{"line":3,"column":37}}],"line":3}},"s":{"0":0,"1":0,"2":0},"f":{"0":0},"b":{"0":[0]},"hash":"19752135f8dd09c66009291e32ae15794d8a5349"}
,"/home/magnolia/Desktop/swpp/project/swpp2020-team5/frontend/src/store/reducers/reviewReducer/reviewReducer.js": {"path":"/home/magnolia/Desktop/swpp/project/swpp2020-team5/frontend/src/store/reducers/reviewReducer/reviewReducer.js","statementMap":{"0":{"start":{"line":1,"column":21},"end":{"line":2,"column":1}},"1":{"start":{"line":3,"column":16},"end":{"line":5,"column":1}},"2":{"start":{"line":4,"column":2},"end":{"line":4,"column":15}}},"fnMap":{"0":{"name":"(anonymous_0)","decl":{"start":{"line":3,"column":16},"end":{"line":3,"column":17}},"loc":{"start":{"line":3,"column":50},"end":{"line":5,"column":1}},"line":3}},"branchMap":{"0":{"loc":{"start":{"line":3,"column":17},"end":{"line":3,"column":37}},"type":"default-arg","locations":[{"start":{"line":3,"column":25},"end":{"line":3,"column":37}}],"line":3}},"s":{"0":0,"1":0,"2":0},"f":{"0":0},"b":{"0":[0]},"hash":"6e0bd8716e63f62e01a14a92070869986c098240"}
,"/home/magnolia/Desktop/swpp/project/swpp2020-team5/frontend/src/store/reducers/userReducer/userReducer.js": {"path":"/home/magnolia/Desktop/swpp/project/swpp2020-team5/frontend/src/store/reducers/userReducer/userReducer.js","statementMap":{"0":{"start":{"line":3,"column":21},"end":{"line":5,"column":1}},"1":{"start":{"line":6,"column":16},"end":{"line":16,"column":1}},"2":{"start":{"line":7,"column":4},"end":{"line":14,"column":5}},"3":{"start":{"line":9,"column":12},"end":{"line":9,"column":58}},"4":{"start":{"line":11,"column":30},"end":{"line":11,"column":43}},"5":{"start":{"line":12,"column":12},"end":{"line":12,"column":56}},"6":{"start":{"line":13,"column":17},"end":{"line":13,"column":23}},"7":{"start":{"line":15,"column":4},"end":{"line":15,"column":17}}},"fnMap":{"0":{"name":"(anonymous_0)","decl":{"start":{"line":6,"column":16},"end":{"line":6,"column":17}},"loc":{"start":{"line":6,"column":50},"end":{"line":16,"column":1}},"line":6}},"branchMap":{"0":{"loc":{"start":{"line":6,"column":17},"end":{"line":6,"column":37}},"type":"default-arg","locations":[{"start":{"line":6,"column":25},"end":{"line":6,"column":37}}],"line":6},"1":{"loc":{"start":{"line":7,"column":4},"end":{"line":14,"column":5}},"type":"switch","locations":[{"start":{"line":8,"column":8},"end":{"line":9,"column":58}},{"start":{"line":10,"column":8},"end":{"line":12,"column":56}},{"start":{"line":13,"column":8},"end":{"line":13,"column":23}}],"line":7}},"s":{"0":0,"1":0,"2":0,"3":0,"4":0,"5":0,"6":0,"7":0},"f":{"0":0},"b":{"0":[0],"1":[0,0,0]},"hash":"4e7bb53a63e78dcd3f6488084ca7e1a8fc41857a"}
}
